<?xml version="1.0" encoding="UTF-8"?>
<!-- Generated by org.testng.reporters.JUnitReportReporter -->
<testsuite hostname="Hemanth" failures="0" tests="2" name="testCases.TC_001_AccountRegistrationTest" time="4.721" errors="0" timestamp="2024-12-15T20:44:10 IST" skipped="0">
  <testcase classname="testCases.TC_001_AccountRegistrationTest" name="verify_account_registration" time="2.519"/>
  <system-out/>
  <testcase classname="testCases.TC_001_AccountRegistrationTest" name="verify_account_registration" time="2.202"/>
  <system-out/>
</testsuite> <!-- testCases.TC_001_AccountRegistrationTest -->
