<?xml version="1.0" encoding="UTF-8"?>
<!-- Generated by org.testng.reporters.JUnitReportReporter -->
<testsuite hostname="Hemanth" failures="0" tests="1" name="testCases.TC_004_SearchProductTest" time="0.557" errors="0" timestamp="2024-12-15T20:30:29 IST" skipped="0">
  <testcase classname="testCases.TC_004_SearchProductTest" name="verify_pruductSearch" time="0.557"/>
  <system-out/>
</testsuite> <!-- testCases.TC_004_SearchProductTest -->
