<?xml version="1.0" encoding="UTF-8"?>
<!-- Generated by org.testng.reporters.JUnitReportReporter -->
<testsuite hostname="Hemanth" failures="0" tests="1" name="testCases.TC_002_LoginTest" time="1.981" errors="0" timestamp="2024-12-15T20:30:29 IST" skipped="0">
  <testcase classname="testCases.TC_002_LoginTest" name="verify_login" time="1.981"/>
  <system-out/>
</testsuite> <!-- testCases.TC_002_LoginTest -->
